|--- feature_4 <= 129.50
|   |--- feature_2 <= 26.30
|   |   |--- feature_2 <= 9.10
|   |   |   |--- feature_4 <= 114.50
|   |   |   |   |--- class: 0
|   |   |   |--- feature_4 >  114.50
|   |   |   |   |--- class: 1
|   |   |--- feature_2 >  9.10
|   |   |   |--- feature_6 <= 0.67
|   |   |   |   |--- class: 0
|   |   |   |--- feature_6 >  0.67
|   |   |   |   |--- feature_6 <= 0.71
|   |   |   |   |   |--- class: 1
|   |   |   |   |--- feature_6 >  0.71
|   |   |   |   |   |--- class: 0
|   |--- feature_2 >  26.30
|   |   |--- feature_3 <= 27.50
|   |   |   |--- feature_2 <= 45.40
|   |   |   |   |--- feature_5 <= 12.00
|   |   |   |   |   |--- class: 1
|   |   |   |   |--- feature_5 >  12.00
|   |   |   |   |   |--- feature_0 <= 7.00
|   |   |   |   |   |   |--- feature_6 <= 1.27
|   |   |   |   |   |   |   |--- feature_2 <= 30.95
|   |   |   |   |   |   |   |   |--- class: 0
|   |   |   |   |   |   |   |--- feature_2 >  30.95
|   |   |   |   |   |   |   |   |--- feature_5 <= 53.00
|   |   |   |   |   |   |   |   |   |--- feature_0 <= 2.50
|   |   |   |   |   |   |   |   |   |   |--- feature_4 <= 125.50
|   |   |   |   |   |   |   |   |   |   |   |--- class: 0
|   |   |   |   |   |   |   |   |   |   |--- feature_4 >  125.50
|   |   |   |   |   |   |   |   |   |   |   |--- class: 1
|   |   |   |   |   |   |   |   |   |--- feature_0 >  2.50
|   |   |   |   |   |   |   |   |   |   |--- class: 1
|   |   |   |   |   |   |   |   |--- feature_5 >  53.00
|   |   |   |   |   |   |   |   |   |--- feature_6 <= 0.65
|   |   |   |   |   |   |   |   |   |   |--- feature_1 <= 36.50
|   |   |   |   |   |   |   |   |   |   |   |--- truncated branch of depth 5
|   |   |   |   |   |   |   |   |   |   |--- feature_1 >  36.50
|   |   |   |   |   |   |   |   |   |   |   |--- class: 0
|   |   |   |   |   |   |   |   |   |--- feature_6 >  0.65
|   |   |   |   |   |   |   |   |   |   |--- feature_1 <= 65.50
|   |   |   |   |   |   |   |   |   |   |   |--- class: 0
|   |   |   |   |   |   |   |   |   |   |--- feature_1 >  65.50
|   |   |   |   |   |   |   |   |   |   |   |--- truncated branch of depth 2
|   |   |   |   |   |   |--- feature_6 >  1.27
|   |   |   |   |   |   |   |--- feature_6 <= 1.50
|   |   |   |   |   |   |   |   |--- class: 1
|   |   |   |   |   |   |   |--- feature_6 >  1.50
|   |   |   |   |   |   |   |   |--- class: 0
|   |   |   |   |   |--- feature_0 >  7.00
|   |   |   |   |   |   |--- class: 1
|   |   |   |--- feature_2 >  45.40
|   |   |   |   |--- feature_1 <= 185.00
|   |   |   |   |   |--- class: 1
|   |   |   |   |--- feature_1 >  185.00
|   |   |   |   |   |--- class: 0
|   |   |--- feature_3 >  27.50
|   |   |   |--- feature_6 <= 0.56
|   |   |   |   |--- feature_4 <= 101.50
|   |   |   |   |   |--- feature_5 <= 27.00
|   |   |   |   |   |   |--- class: 1
|   |   |   |   |   |--- feature_5 >  27.00
|   |   |   |   |   |   |--- feature_3 <= 42.50
|   |   |   |   |   |   |   |--- class: 0
|   |   |   |   |   |   |--- feature_3 >  42.50
|   |   |   |   |   |   |   |--- feature_4 <= 97.50
|   |   |   |   |   |   |   |   |--- feature_2 <= 35.25
|   |   |   |   |   |   |   |   |   |--- class: 1
|   |   |   |   |   |   |   |   |--- feature_2 >  35.25
|   |   |   |   |   |   |   |   |   |--- feature_4 <= 96.00
|   |   |   |   |   |   |   |   |   |   |--- class: 0
|   |   |   |   |   |   |   |   |   |--- feature_4 >  96.00
|   |   |   |   |   |   |   |   |   |   |--- class: 1
|   |   |   |   |   |   |   |--- feature_4 >  97.50
|   |   |   |   |   |   |   |   |--- class: 0
|   |   |   |   |--- feature_4 >  101.50
|   |   |   |   |   |--- feature_5 <= 67.00
|   |   |   |   |   |   |--- feature_5 <= 58.00
|   |   |   |   |   |   |   |--- feature_4 <= 117.50
|   |   |   |   |   |   |   |   |--- class: 0
|   |   |   |   |   |   |   |--- feature_4 >  117.50
|   |   |   |   |   |   |   |   |--- feature_2 <= 34.25
|   |   |   |   |   |   |   |   |   |--- class: 1
|   |   |   |   |   |   |   |   |--- feature_2 >  34.25
|   |   |   |   |   |   |   |   |   |--- class: 0
|   |   |   |   |   |   |--- feature_5 >  58.00
|   |   |   |   |   |   |   |--- feature_6 <= 0.43
|   |   |   |   |   |   |   |   |--- class: 1
|   |   |   |   |   |   |   |--- feature_6 >  0.43
|   |   |   |   |   |   |   |   |--- class: 0
|   |   |   |   |   |--- feature_5 >  67.00
|   |   |   |   |   |   |--- feature_2 <= 43.10
|   |   |   |   |   |   |   |--- feature_4 <= 102.50
|   |   |   |   |   |   |   |   |--- class: 1
|   |   |   |   |   |   |   |--- feature_4 >  102.50
|   |   |   |   |   |   |   |   |--- feature_2 <= 34.60
|   |   |   |   |   |   |   |   |   |--- feature_3 <= 35.00
|   |   |   |   |   |   |   |   |   |   |--- class: 0
|   |   |   |   |   |   |   |   |   |--- feature_3 >  35.00
|   |   |   |   |   |   |   |   |   |   |--- feature_4 <= 123.50
|   |   |   |   |   |   |   |   |   |   |   |--- truncated branch of depth 5
|   |   |   |   |   |   |   |   |   |   |--- feature_4 >  123.50
|   |   |   |   |   |   |   |   |   |   |   |--- class: 1
|   |   |   |   |   |   |   |   |--- feature_2 >  34.60
|   |   |   |   |   |   |   |   |   |--- class: 0
|   |   |   |   |   |   |--- feature_2 >  43.10
|   |   |   |   |   |   |   |--- class: 1
|   |   |   |--- feature_6 >  0.56
|   |   |   |   |--- feature_0 <= 8.50
|   |   |   |   |   |--- feature_4 <= 97.00
|   |   |   |   |   |   |--- class: 0
|   |   |   |   |   |--- feature_4 >  97.00
|   |   |   |   |   |   |--- feature_5 <= 87.00
|   |   |   |   |   |   |   |--- feature_4 <= 116.50
|   |   |   |   |   |   |   |   |--- feature_6 <= 1.39
|   |   |   |   |   |   |   |   |   |--- class: 1
|   |   |   |   |   |   |   |   |--- feature_6 >  1.39
|   |   |   |   |   |   |   |   |   |--- class: 0
|   |   |   |   |   |   |   |--- feature_4 >  116.50
|   |   |   |   |   |   |   |   |--- feature_1 <= 78.00
|   |   |   |   |   |   |   |   |   |--- class: 0
|   |   |   |   |   |   |   |   |--- feature_1 >  78.00
|   |   |   |   |   |   |   |   |   |--- feature_2 <= 33.45
|   |   |   |   |   |   |   |   |   |   |--- class: 1
|   |   |   |   |   |   |   |   |   |--- feature_2 >  33.45
|   |   |   |   |   |   |   |   |   |   |--- feature_2 <= 41.10
|   |   |   |   |   |   |   |   |   |   |   |--- truncated branch of depth 2
|   |   |   |   |   |   |   |   |   |   |--- feature_2 >  41.10
|   |   |   |   |   |   |   |   |   |   |   |--- class: 1
|   |   |   |   |   |   |--- feature_5 >  87.00
|   |   |   |   |   |   |   |--- class: 0
|   |   |   |   |--- feature_0 >  8.50
|   |   |   |   |   |--- class: 1
|--- feature_4 >  129.50
|   |--- feature_2 <= 27.85
|   |   |--- feature_4 <= 145.50
|   |   |   |--- feature_3 <= 59.50
|   |   |   |   |--- class: 0
|   |   |   |--- feature_3 >  59.50
|   |   |   |   |--- feature_2 <= 25.25
|   |   |   |   |   |--- class: 1
|   |   |   |   |--- feature_2 >  25.25
|   |   |   |   |   |--- class: 0
|   |   |--- feature_4 >  145.50
|   |   |   |--- feature_2 <= 23.10
|   |   |   |   |--- class: 0
|   |   |   |--- feature_2 >  23.10
|   |   |   |   |--- feature_2 <= 25.55
|   |   |   |   |   |--- class: 1
|   |   |   |   |--- feature_2 >  25.55
|   |   |   |   |   |--- feature_4 <= 156.00
|   |   |   |   |   |   |--- class: 1
|   |   |   |   |   |--- feature_4 >  156.00
|   |   |   |   |   |   |--- class: 0
|   |--- feature_2 >  27.85
|   |   |--- feature_4 <= 158.50
|   |   |   |--- feature_3 <= 30.50
|   |   |   |   |--- feature_5 <= 23.00
|   |   |   |   |   |--- class: 1
|   |   |   |   |--- feature_5 >  23.00
|   |   |   |   |   |--- feature_5 <= 88.00
|   |   |   |   |   |   |--- feature_5 <= 72.00
|   |   |   |   |   |   |   |--- feature_2 <= 33.75
|   |   |   |   |   |   |   |   |--- feature_2 <= 31.05
|   |   |   |   |   |   |   |   |   |--- feature_1 <= 229.00
|   |   |   |   |   |   |   |   |   |   |--- feature_4 <= 136.50
|   |   |   |   |   |   |   |   |   |   |   |--- class: 1
|   |   |   |   |   |   |   |   |   |   |--- feature_4 >  136.50
|   |   |   |   |   |   |   |   |   |   |   |--- class: 0
|   |   |   |   |   |   |   |   |   |--- feature_1 >  229.00
|   |   |   |   |   |   |   |   |   |   |--- class: 1
|   |   |   |   |   |   |   |   |--- feature_2 >  31.05
|   |   |   |   |   |   |   |   |   |--- class: 0
|   |   |   |   |   |   |   |--- feature_2 >  33.75
|   |   |   |   |   |   |   |   |--- feature_6 <= 0.53
|   |   |   |   |   |   |   |   |   |--- class: 1
|   |   |   |   |   |   |   |   |--- feature_6 >  0.53
|   |   |   |   |   |   |   |   |   |--- feature_3 <= 28.50
|   |   |   |   |   |   |   |   |   |   |--- class: 0
|   |   |   |   |   |   |   |   |   |--- feature_3 >  28.50
|   |   |   |   |   |   |   |   |   |   |--- class: 1
|   |   |   |   |   |   |--- feature_5 >  72.00
|   |   |   |   |   |   |   |--- feature_4 <= 157.50
|   |   |   |   |   |   |   |   |--- feature_2 <= 43.40
|   |   |   |   |   |   |   |   |   |--- class: 0
|   |   |   |   |   |   |   |   |--- feature_2 >  43.40
|   |   |   |   |   |   |   |   |   |--- feature_3 <= 24.50
|   |   |   |   |   |   |   |   |   |   |--- class: 1
|   |   |   |   |   |   |   |   |   |--- feature_3 >  24.50
|   |   |   |   |   |   |   |   |   |   |--- class: 0
|   |   |   |   |   |   |   |--- feature_4 >  157.50
|   |   |   |   |   |   |   |   |--- class: 1
|   |   |   |   |   |--- feature_5 >  88.00
|   |   |   |   |   |   |--- class: 1
|   |   |   |--- feature_3 >  30.50
|   |   |   |   |--- feature_2 <= 34.05
|   |   |   |   |   |--- feature_5 <= 75.00
|   |   |   |   |   |   |--- class: 0
|   |   |   |   |   |--- feature_5 >  75.00
|   |   |   |   |   |   |--- feature_6 <= 0.44
|   |   |   |   |   |   |   |--- feature_6 <= 0.37
|   |   |   |   |   |   |   |   |--- feature_2 <= 29.70
|   |   |   |   |   |   |   |   |   |--- class: 1
|   |   |   |   |   |   |   |   |--- feature_2 >  29.70
|   |   |   |   |   |   |   |   |   |--- feature_2 <= 32.45
|   |   |   |   |   |   |   |   |   |   |--- feature_1 <= 317.50
|   |   |   |   |   |   |   |   |   |   |   |--- class: 0
|   |   |   |   |   |   |   |   |   |   |--- feature_1 >  317.50
|   |   |   |   |   |   |   |   |   |   |   |--- class: 1
|   |   |   |   |   |   |   |   |   |--- feature_2 >  32.45
|   |   |   |   |   |   |   |   |   |   |--- class: 1
|   |   |   |   |   |   |   |--- feature_6 >  0.37
|   |   |   |   |   |   |   |   |--- class: 0
|   |   |   |   |   |   |--- feature_6 >  0.44
|   |   |   |   |   |   |   |--- class: 1
|   |   |   |   |--- feature_2 >  34.05
|   |   |   |   |   |--- feature_6 <= 1.09
|   |   |   |   |   |   |--- feature_1 <= 306.50
|   |   |   |   |   |   |   |--- feature_6 <= 0.22
|   |   |   |   |   |   |   |   |--- feature_2 <= 41.05
|   |   |   |   |   |   |   |   |   |--- class: 1
|   |   |   |   |   |   |   |   |--- feature_2 >  41.05
|   |   |   |   |   |   |   |   |   |--- class: 0
|   |   |   |   |   |   |   |--- feature_6 >  0.22
|   |   |   |   |   |   |   |   |--- class: 1
|   |   |   |   |   |   |--- feature_1 >  306.50
|   |   |   |   |   |   |   |--- feature_4 <= 142.00
|   |   |   |   |   |   |   |   |--- class: 1
|   |   |   |   |   |   |   |--- feature_4 >  142.00
|   |   |   |   |   |   |   |   |--- class: 0
|   |   |   |   |   |--- feature_6 >  1.09
|   |   |   |   |   |   |--- feature_1 <= 147.50
|   |   |   |   |   |   |   |--- class: 0
|   |   |   |   |   |   |--- feature_1 >  147.50
|   |   |   |   |   |   |   |--- class: 1
|   |   |--- feature_4 >  158.50
|   |   |   |--- feature_6 <= 1.16
|   |   |   |   |--- feature_6 <= 0.34
|   |   |   |   |   |--- feature_3 <= 48.50
|   |   |   |   |   |   |--- feature_4 <= 177.00
|   |   |   |   |   |   |   |--- class: 1
|   |   |   |   |   |   |--- feature_4 >  177.00
|   |   |   |   |   |   |   |--- feature_4 <= 179.50
|   |   |   |   |   |   |   |   |--- class: 0
|   |   |   |   |   |   |   |--- feature_4 >  179.50
|   |   |   |   |   |   |   |   |--- feature_4 <= 187.50
|   |   |   |   |   |   |   |   |   |--- class: 1
|   |   |   |   |   |   |   |   |--- feature_4 >  187.50
|   |   |   |   |   |   |   |   |   |--- feature_0 <= 4.50
|   |   |   |   |   |   |   |   |   |   |--- class: 0
|   |   |   |   |   |   |   |   |   |--- feature_0 >  4.50
|   |   |   |   |   |   |   |   |   |   |--- class: 1
|   |   |   |   |   |--- feature_3 >  48.50
|   |   |   |   |   |   |--- feature_3 <= 63.00
|   |   |   |   |   |   |   |--- class: 0
|   |   |   |   |   |   |--- feature_3 >  63.00
|   |   |   |   |   |   |   |--- class: 1
|   |   |   |   |--- feature_6 >  0.34
|   |   |   |   |   |--- class: 1
|   |   |   |--- feature_6 >  1.16
|   |   |   |   |--- feature_3 <= 28.00
|   |   |   |   |   |--- class: 1
|   |   |   |   |--- feature_3 >  28.00
|   |   |   |   |   |--- feature_4 <= 168.00
|   |   |   |   |   |   |--- class: 1
|   |   |   |   |   |--- feature_4 >  168.00
|   |   |   |   |   |   |--- class: 0
